mode: atomic
github.com/aptlogica/sereni-jwt-provider/internal/config/config.go:26.63,28.16 2 6
github.com/aptlogica/sereni-jwt-provider/internal/config/config.go:28.16,30.3 1 2
github.com/aptlogica/sereni-jwt-provider/internal/config/config.go:31.2,31.15 1 4
github.com/aptlogica/sereni-jwt-provider/internal/config/config.go:34.27,44.54 2 4
github.com/aptlogica/sereni-jwt-provider/internal/config/config.go:44.54,46.52 1 3
github.com/aptlogica/sereni-jwt-provider/internal/config/config.go:46.52,48.4 1 2
github.com/aptlogica/sereni-jwt-provider/internal/config/config.go:48.9,50.4 1 1
github.com/aptlogica/sereni-jwt-provider/internal/config/config.go:51.8,53.3 1 1
github.com/aptlogica/sereni-jwt-provider/internal/config/config.go:54.2,54.55 1 4
github.com/aptlogica/sereni-jwt-provider/internal/config/config.go:54.55,56.55 1 3
github.com/aptlogica/sereni-jwt-provider/internal/config/config.go:56.55,58.4 1 2
github.com/aptlogica/sereni-jwt-provider/internal/config/config.go:58.9,60.4 1 1
github.com/aptlogica/sereni-jwt-provider/internal/config/config.go:61.8,63.3 1 1
github.com/aptlogica/sereni-jwt-provider/internal/config/config.go:65.2,67.26 2 4
github.com/aptlogica/sereni-jwt-provider/internal/config/config.go:67.26,69.3 1 3
github.com/aptlogica/sereni-jwt-provider/internal/config/config.go:70.2,70.26 1 4
github.com/aptlogica/sereni-jwt-provider/internal/config/config.go:70.26,72.3 1 3
github.com/aptlogica/sereni-jwt-provider/internal/config/config.go:73.2,73.12 1 4
github.com/aptlogica/sereni-jwt-provider/internal/services/jwt_service.go:31.99,39.2 3 10
github.com/aptlogica/sereni-jwt-provider/internal/services/jwt_service.go:42.90,52.2 2 1
github.com/aptlogica/sereni-jwt-provider/internal/services/jwt_service.go:55.90,59.16 3 10
github.com/aptlogica/sereni-jwt-provider/internal/services/jwt_service.go:59.16,61.3 1 0
github.com/aptlogica/sereni-jwt-provider/internal/services/jwt_service.go:64.2,65.16 2 10
github.com/aptlogica/sereni-jwt-provider/internal/services/jwt_service.go:65.16,67.3 1 0
github.com/aptlogica/sereni-jwt-provider/internal/services/jwt_service.go:70.2,75.8 1 10
github.com/aptlogica/sereni-jwt-provider/internal/services/jwt_service.go:79.113,86.25 5 20
github.com/aptlogica/sereni-jwt-provider/internal/services/jwt_service.go:86.25,88.40 2 16
github.com/aptlogica/sereni-jwt-provider/internal/services/jwt_service.go:88.40,90.4 1 4
github.com/aptlogica/sereni-jwt-provider/internal/services/jwt_service.go:93.2,109.48 3 20
github.com/aptlogica/sereni-jwt-provider/internal/services/jwt_service.go:113.104,114.117 1 15
github.com/aptlogica/sereni-jwt-provider/internal/services/jwt_service.go:114.117,115.58 1 9
github.com/aptlogica/sereni-jwt-provider/internal/services/jwt_service.go:115.58,117.4 1 0
github.com/aptlogica/sereni-jwt-provider/internal/services/jwt_service.go:118.3,118.34 1 9
github.com/aptlogica/sereni-jwt-provider/internal/services/jwt_service.go:121.2,121.16 1 15
github.com/aptlogica/sereni-jwt-provider/internal/services/jwt_service.go:121.16,123.3 1 9
github.com/aptlogica/sereni-jwt-provider/internal/services/jwt_service.go:125.2,125.18 1 6
github.com/aptlogica/sereni-jwt-provider/internal/services/jwt_service.go:125.18,127.3 1 0
github.com/aptlogica/sereni-jwt-provider/internal/services/jwt_service.go:129.2,130.9 2 6
github.com/aptlogica/sereni-jwt-provider/internal/services/jwt_service.go:130.9,132.3 1 0
github.com/aptlogica/sereni-jwt-provider/internal/services/jwt_service.go:134.2,134.72 1 6
github.com/aptlogica/sereni-jwt-provider/internal/services/jwt_service.go:134.72,136.3 1 0
github.com/aptlogica/sereni-jwt-provider/internal/services/jwt_service.go:138.2,138.20 1 6
github.com/aptlogica/sereni-jwt-provider/internal/services/jwt_service.go:142.93,145.16 2 5
github.com/aptlogica/sereni-jwt-provider/internal/services/jwt_service.go:145.16,147.3 1 3
github.com/aptlogica/sereni-jwt-provider/internal/services/jwt_service.go:150.2,150.42 1 2
github.com/aptlogica/sereni-jwt-provider/internal/services/jwt_service.go:150.42,152.3 1 1
github.com/aptlogica/sereni-jwt-provider/internal/services/jwt_service.go:154.2,162.34 2 1
github.com/aptlogica/sereni-jwt-provider/internal/utils/password.go:11.52,14.2 2 11
github.com/aptlogica/sereni-jwt-provider/internal/utils/password.go:17.52,20.2 2 20
github.com/aptlogica/sereni-jwt-provider/internal/utils/response.go:16.81,24.2 2 8
github.com/aptlogica/sereni-jwt-provider/internal/utils/response.go:27.77,35.2 2 8
github.com/aptlogica/sereni-jwt-provider/internal/utils/response.go:38.81,46.2 2 4
