mode: atomic
github.com/aptlogica/sereni-jwt-provider/jwt.go:35.43,37.2 1 23
github.com/aptlogica/sereni-jwt-provider/jwt.go:40.81,41.27 1 17
github.com/aptlogica/sereni-jwt-provider/jwt.go:41.27,43.3 1 1
github.com/aptlogica/sereni-jwt-provider/jwt.go:45.2,55.33 3 16
github.com/aptlogica/sereni-jwt-provider/jwt.go:55.33,57.3 1 27
github.com/aptlogica/sereni-jwt-provider/jwt.go:60.2,61.28 2 16
github.com/aptlogica/sereni-jwt-provider/jwt.go:62.15,63.41 1 2
github.com/aptlogica/sereni-jwt-provider/jwt.go:64.15,65.41 1 2
github.com/aptlogica/sereni-jwt-provider/jwt.go:66.10,67.41 1 12
github.com/aptlogica/sereni-jwt-provider/jwt.go:71.2,73.16 3 16
github.com/aptlogica/sereni-jwt-provider/jwt.go:73.16,75.3 1 0
github.com/aptlogica/sereni-jwt-provider/jwt.go:77.2,77.25 1 16
github.com/aptlogica/sereni-jwt-provider/jwt.go:81.86,82.27 1 17
github.com/aptlogica/sereni-jwt-provider/jwt.go:82.27,84.3 1 1
github.com/aptlogica/sereni-jwt-provider/jwt.go:87.2,87.83 1 16
github.com/aptlogica/sereni-jwt-provider/jwt.go:87.83,89.29 1 11
github.com/aptlogica/sereni-jwt-provider/jwt.go:90.16,91.59 1 1
github.com/aptlogica/sereni-jwt-provider/jwt.go:91.59,93.5 1 0
github.com/aptlogica/sereni-jwt-provider/jwt.go:94.16,95.59 1 1
github.com/aptlogica/sereni-jwt-provider/jwt.go:95.59,97.5 1 0
github.com/aptlogica/sereni-jwt-provider/jwt.go:98.11,99.59 1 9
github.com/aptlogica/sereni-jwt-provider/jwt.go:99.59,101.5 1 0
github.com/aptlogica/sereni-jwt-provider/jwt.go:103.3,103.38 1 11
github.com/aptlogica/sereni-jwt-provider/jwt.go:106.2,106.16 1 16
github.com/aptlogica/sereni-jwt-provider/jwt.go:106.16,108.3 1 7
github.com/aptlogica/sereni-jwt-provider/jwt.go:110.2,110.18 1 9
github.com/aptlogica/sereni-jwt-provider/jwt.go:110.18,112.3 1 0
github.com/aptlogica/sereni-jwt-provider/jwt.go:115.2,116.9 2 9
github.com/aptlogica/sereni-jwt-provider/jwt.go:116.9,118.3 1 0
github.com/aptlogica/sereni-jwt-provider/jwt.go:121.2,122.33 2 9
github.com/aptlogica/sereni-jwt-provider/jwt.go:122.33,124.3 1 42
github.com/aptlogica/sereni-jwt-provider/jwt.go:126.2,126.20 1 9
github.com/aptlogica/sereni-jwt-provider/jwt.go:130.69,132.16 2 3
github.com/aptlogica/sereni-jwt-provider/jwt.go:132.16,134.3 1 2
github.com/aptlogica/sereni-jwt-provider/jwt.go:137.2,141.32 4 1
github.com/aptlogica/sereni-jwt-provider/internal/config/config.go:26.63,28.16 2 6
github.com/aptlogica/sereni-jwt-provider/internal/config/config.go:28.16,30.3 1 2
github.com/aptlogica/sereni-jwt-provider/internal/config/config.go:31.2,31.15 1 4
github.com/aptlogica/sereni-jwt-provider/internal/config/config.go:34.27,44.54 2 4
github.com/aptlogica/sereni-jwt-provider/internal/config/config.go:44.54,46.52 1 3
github.com/aptlogica/sereni-jwt-provider/internal/config/config.go:46.52,48.4 1 2
github.com/aptlogica/sereni-jwt-provider/internal/config/config.go:48.9,50.4 1 1
github.com/aptlogica/sereni-jwt-provider/internal/config/config.go:51.8,53.3 1 1
github.com/aptlogica/sereni-jwt-provider/internal/config/config.go:54.2,54.55 1 4
github.com/aptlogica/sereni-jwt-provider/internal/config/config.go:54.55,56.55 1 3
github.com/aptlogica/sereni-jwt-provider/internal/config/config.go:56.55,58.4 1 2
github.com/aptlogica/sereni-jwt-provider/internal/config/config.go:58.9,60.4 1 1
github.com/aptlogica/sereni-jwt-provider/internal/config/config.go:61.8,63.3 1 1
github.com/aptlogica/sereni-jwt-provider/internal/config/config.go:65.2,67.26 2 4
github.com/aptlogica/sereni-jwt-provider/internal/config/config.go:67.26,69.3 1 3
github.com/aptlogica/sereni-jwt-provider/internal/config/config.go:70.2,70.26 1 4
github.com/aptlogica/sereni-jwt-provider/internal/config/config.go:70.26,72.3 1 3
github.com/aptlogica/sereni-jwt-provider/internal/config/config.go:73.2,73.12 1 4
github.com/aptlogica/sereni-jwt-provider/internal/handlers/auth_handler.go:25.67,29.2 1 13
github.com/aptlogica/sereni-jwt-provider/internal/handlers/auth_handler.go:43.45,45.47 2 11
github.com/aptlogica/sereni-jwt-provider/internal/handlers/auth_handler.go:45.47,48.3 2 2
github.com/aptlogica/sereni-jwt-provider/internal/handlers/auth_handler.go:50.2,51.16 2 9
github.com/aptlogica/sereni-jwt-provider/internal/handlers/auth_handler.go:51.16,54.3 2 0
github.com/aptlogica/sereni-jwt-provider/internal/handlers/auth_handler.go:56.2,56.67 1 9
github.com/aptlogica/sereni-jwt-provider/internal/handlers/auth_handler.go:71.52,73.47 2 6
github.com/aptlogica/sereni-jwt-provider/internal/handlers/auth_handler.go:73.47,76.3 2 3
github.com/aptlogica/sereni-jwt-provider/internal/handlers/auth_handler.go:78.2,79.16 2 3
github.com/aptlogica/sereni-jwt-provider/internal/handlers/auth_handler.go:79.16,83.3 3 2
github.com/aptlogica/sereni-jwt-provider/internal/handlers/auth_handler.go:85.2,85.81 1 1
github.com/aptlogica/sereni-jwt-provider/internal/handlers/auth_handler.go:99.53,101.47 2 8
github.com/aptlogica/sereni-jwt-provider/internal/handlers/auth_handler.go:101.47,104.3 2 2
github.com/aptlogica/sereni-jwt-provider/internal/handlers/auth_handler.go:106.2,108.33 3 6
github.com/aptlogica/sereni-jwt-provider/internal/handlers/auth_handler.go:108.33,109.36 1 3
github.com/aptlogica/sereni-jwt-provider/internal/handlers/auth_handler.go:109.36,112.4 2 0
github.com/aptlogica/sereni-jwt-provider/internal/handlers/auth_handler.go:113.3,113.37 1 3
github.com/aptlogica/sereni-jwt-provider/internal/handlers/auth_handler.go:113.37,116.4 2 0
github.com/aptlogica/sereni-jwt-provider/internal/handlers/auth_handler.go:117.3,118.9 2 3
github.com/aptlogica/sereni-jwt-provider/internal/handlers/auth_handler.go:122.2,123.19 2 3
github.com/aptlogica/sereni-jwt-provider/internal/handlers/auth_handler.go:123.19,130.30 7 3
github.com/aptlogica/sereni-jwt-provider/internal/handlers/auth_handler.go:130.30,132.4 1 3
github.com/aptlogica/sereni-jwt-provider/internal/handlers/auth_handler.go:133.3,133.29 1 3
github.com/aptlogica/sereni-jwt-provider/internal/handlers/auth_handler.go:133.29,135.4 1 3
github.com/aptlogica/sereni-jwt-provider/internal/handlers/auth_handler.go:136.3,136.30 1 3
github.com/aptlogica/sereni-jwt-provider/internal/handlers/auth_handler.go:136.30,138.4 1 3
github.com/aptlogica/sereni-jwt-provider/internal/handlers/auth_handler.go:141.2,141.68 1 3
github.com/aptlogica/sereni-jwt-provider/internal/handlers/auth_handler.go:154.51,156.47 2 4
github.com/aptlogica/sereni-jwt-provider/internal/handlers/auth_handler.go:156.47,159.3 2 2
github.com/aptlogica/sereni-jwt-provider/internal/handlers/auth_handler.go:161.2,168.79 4 2
github.com/aptlogica/sereni-jwt-provider/internal/handlers/auth_handler.go:178.46,182.2 1 1
github.com/aptlogica/sereni-jwt-provider/internal/services/jwt_service.go:31.99,39.2 3 23
github.com/aptlogica/sereni-jwt-provider/internal/services/jwt_service.go:42.90,52.2 2 10
github.com/aptlogica/sereni-jwt-provider/internal/services/jwt_service.go:55.90,59.16 3 20
github.com/aptlogica/sereni-jwt-provider/internal/services/jwt_service.go:59.16,61.3 1 0
github.com/aptlogica/sereni-jwt-provider/internal/services/jwt_service.go:64.2,65.16 2 20
github.com/aptlogica/sereni-jwt-provider/internal/services/jwt_service.go:65.16,67.3 1 0
github.com/aptlogica/sereni-jwt-provider/internal/services/jwt_service.go:70.2,75.8 1 20
github.com/aptlogica/sereni-jwt-provider/internal/services/jwt_service.go:79.113,86.25 5 40
github.com/aptlogica/sereni-jwt-provider/internal/services/jwt_service.go:86.25,88.40 2 32
github.com/aptlogica/sereni-jwt-provider/internal/services/jwt_service.go:88.40,90.4 1 12
github.com/aptlogica/sereni-jwt-provider/internal/services/jwt_service.go:93.2,109.48 3 40
github.com/aptlogica/sereni-jwt-provider/internal/services/jwt_service.go:113.104,114.117 1 26
github.com/aptlogica/sereni-jwt-provider/internal/services/jwt_service.go:114.117,115.58 1 17
github.com/aptlogica/sereni-jwt-provider/internal/services/jwt_service.go:115.58,117.4 1 0
github.com/aptlogica/sereni-jwt-provider/internal/services/jwt_service.go:118.3,118.34 1 17
github.com/aptlogica/sereni-jwt-provider/internal/services/jwt_service.go:121.2,121.16 1 26
github.com/aptlogica/sereni-jwt-provider/internal/services/jwt_service.go:121.16,123.3 1 14
github.com/aptlogica/sereni-jwt-provider/internal/services/jwt_service.go:125.2,125.18 1 12
github.com/aptlogica/sereni-jwt-provider/internal/services/jwt_service.go:125.18,127.3 1 0
github.com/aptlogica/sereni-jwt-provider/internal/services/jwt_service.go:129.2,130.9 2 12
github.com/aptlogica/sereni-jwt-provider/internal/services/jwt_service.go:130.9,132.3 1 0
github.com/aptlogica/sereni-jwt-provider/internal/services/jwt_service.go:134.2,134.72 1 12
github.com/aptlogica/sereni-jwt-provider/internal/services/jwt_service.go:134.72,136.3 1 0
github.com/aptlogica/sereni-jwt-provider/internal/services/jwt_service.go:138.2,138.20 1 12
github.com/aptlogica/sereni-jwt-provider/internal/services/jwt_service.go:142.93,145.16 2 8
github.com/aptlogica/sereni-jwt-provider/internal/services/jwt_service.go:145.16,147.3 1 4
github.com/aptlogica/sereni-jwt-provider/internal/services/jwt_service.go:150.2,150.42 1 4
github.com/aptlogica/sereni-jwt-provider/internal/services/jwt_service.go:150.42,152.3 1 2
github.com/aptlogica/sereni-jwt-provider/internal/services/jwt_service.go:154.2,162.34 2 2
github.com/aptlogica/sereni-jwt-provider/internal/utils/password.go:11.52,14.2 2 11
github.com/aptlogica/sereni-jwt-provider/internal/utils/password.go:17.52,20.2 2 20
github.com/aptlogica/sereni-jwt-provider/internal/utils/response.go:16.81,24.2 2 24
github.com/aptlogica/sereni-jwt-provider/internal/utils/response.go:27.77,35.2 2 22
github.com/aptlogica/sereni-jwt-provider/internal/utils/response.go:38.81,46.2 2 4
