mode: atomic
github.com/aptlogica/sereni-jwt-provider/provider.go:35.40,37.15 2 23
github.com/aptlogica/sereni-jwt-provider/provider.go:37.15,39.3 1 1
github.com/aptlogica/sereni-jwt-provider/provider.go:40.2,45.3 1 23
github.com/aptlogica/sereni-jwt-provider/provider.go:49.81,50.20 1 17
github.com/aptlogica/sereni-jwt-provider/provider.go:50.20,52.3 1 1
github.com/aptlogica/sereni-jwt-provider/provider.go:53.2,54.16 2 16
github.com/aptlogica/sereni-jwt-provider/provider.go:54.16,56.3 1 0
github.com/aptlogica/sereni-jwt-provider/provider.go:58.2,59.27 2 16
github.com/aptlogica/sereni-jwt-provider/provider.go:59.27,61.3 1 27
github.com/aptlogica/sereni-jwt-provider/provider.go:63.2,66.20 4 16
github.com/aptlogica/sereni-jwt-provider/provider.go:66.20,68.3 1 16
github.com/aptlogica/sereni-jwt-provider/provider.go:70.2,71.45 2 16
github.com/aptlogica/sereni-jwt-provider/provider.go:75.86,76.20 1 17
github.com/aptlogica/sereni-jwt-provider/provider.go:76.20,78.3 1 1
github.com/aptlogica/sereni-jwt-provider/provider.go:79.2,80.16 2 16
github.com/aptlogica/sereni-jwt-provider/provider.go:80.16,82.3 1 0
github.com/aptlogica/sereni-jwt-provider/provider.go:84.2,84.89 1 16
github.com/aptlogica/sereni-jwt-provider/provider.go:84.89,85.64 1 11
github.com/aptlogica/sereni-jwt-provider/provider.go:85.64,87.4 1 0
github.com/aptlogica/sereni-jwt-provider/provider.go:88.3,88.61 1 11
github.com/aptlogica/sereni-jwt-provider/provider.go:88.61,90.4 1 0
github.com/aptlogica/sereni-jwt-provider/provider.go:91.3,91.31 1 11
github.com/aptlogica/sereni-jwt-provider/provider.go:93.2,93.16 1 16
github.com/aptlogica/sereni-jwt-provider/provider.go:93.16,95.3 1 7
github.com/aptlogica/sereni-jwt-provider/provider.go:96.2,96.18 1 9
github.com/aptlogica/sereni-jwt-provider/provider.go:96.18,98.3 1 0
github.com/aptlogica/sereni-jwt-provider/provider.go:100.2,101.9 2 9
github.com/aptlogica/sereni-jwt-provider/provider.go:101.9,103.3 1 0
github.com/aptlogica/sereni-jwt-provider/provider.go:105.2,105.49 1 9
github.com/aptlogica/sereni-jwt-provider/provider.go:105.49,106.34 1 9
github.com/aptlogica/sereni-jwt-provider/provider.go:106.34,108.4 1 0
github.com/aptlogica/sereni-jwt-provider/provider.go:111.2,112.27 2 9
github.com/aptlogica/sereni-jwt-provider/provider.go:112.27,114.3 1 42
github.com/aptlogica/sereni-jwt-provider/provider.go:115.2,115.20 1 9
github.com/aptlogica/sereni-jwt-provider/provider.go:119.69,121.16 2 3
github.com/aptlogica/sereni-jwt-provider/provider.go:121.16,123.3 1 2
github.com/aptlogica/sereni-jwt-provider/provider.go:125.2,126.27 2 1
github.com/aptlogica/sereni-jwt-provider/provider.go:126.27,127.12 1 6
github.com/aptlogica/sereni-jwt-provider/provider.go:128.35,129.12 1 3
github.com/aptlogica/sereni-jwt-provider/provider.go:130.11,131.16 1 3
github.com/aptlogica/sereni-jwt-provider/provider.go:135.2,135.31 1 1
github.com/aptlogica/sereni-jwt-provider/provider.go:138.62,139.49 1 32
github.com/aptlogica/sereni-jwt-provider/provider.go:140.15,141.40 1 26
github.com/aptlogica/sereni-jwt-provider/provider.go:142.15,143.40 1 3
github.com/aptlogica/sereni-jwt-provider/provider.go:144.15,145.40 1 3
github.com/aptlogica/sereni-jwt-provider/provider.go:146.10,147.67 1 0
github.com/aptlogica/sereni-jwt-provider/provider.go:151.45,152.23 1 9
github.com/aptlogica/sereni-jwt-provider/provider.go:153.15,154.24 1 9
github.com/aptlogica/sereni-jwt-provider/provider.go:155.13,156.17 1 0
github.com/aptlogica/sereni-jwt-provider/provider.go:157.13,158.24 1 0
github.com/aptlogica/sereni-jwt-provider/provider.go:159.19,161.17 2 0
github.com/aptlogica/sereni-jwt-provider/provider.go:161.17,163.4 1 0
github.com/aptlogica/sereni-jwt-provider/provider.go:164.3,164.17 1 0
github.com/aptlogica/sereni-jwt-provider/provider.go:165.10,166.18 1 0
github.com/aptlogica/sereni-jwt-provider/internal/config/config.go:26.63,28.16 2 6
github.com/aptlogica/sereni-jwt-provider/internal/config/config.go:28.16,30.3 1 2
github.com/aptlogica/sereni-jwt-provider/internal/config/config.go:31.2,31.15 1 4
github.com/aptlogica/sereni-jwt-provider/internal/config/config.go:34.27,44.54 2 4
github.com/aptlogica/sereni-jwt-provider/internal/config/config.go:44.54,46.52 1 3
github.com/aptlogica/sereni-jwt-provider/internal/config/config.go:46.52,48.4 1 2
github.com/aptlogica/sereni-jwt-provider/internal/config/config.go:48.9,50.4 1 1
github.com/aptlogica/sereni-jwt-provider/internal/config/config.go:51.8,53.3 1 1
github.com/aptlogica/sereni-jwt-provider/internal/config/config.go:54.2,54.55 1 4
github.com/aptlogica/sereni-jwt-provider/internal/config/config.go:54.55,56.55 1 3
github.com/aptlogica/sereni-jwt-provider/internal/config/config.go:56.55,58.4 1 2
github.com/aptlogica/sereni-jwt-provider/internal/config/config.go:58.9,60.4 1 1
github.com/aptlogica/sereni-jwt-provider/internal/config/config.go:61.8,63.3 1 1
github.com/aptlogica/sereni-jwt-provider/internal/config/config.go:65.2,67.26 2 4
github.com/aptlogica/sereni-jwt-provider/internal/config/config.go:67.26,69.3 1 3
github.com/aptlogica/sereni-jwt-provider/internal/config/config.go:70.2,70.26 1 4
github.com/aptlogica/sereni-jwt-provider/internal/config/config.go:70.26,72.3 1 3
github.com/aptlogica/sereni-jwt-provider/internal/config/config.go:73.2,73.12 1 4
github.com/aptlogica/sereni-jwt-provider/internal/services/jwt_service.go:31.99,39.2 3 10
github.com/aptlogica/sereni-jwt-provider/internal/services/jwt_service.go:42.90,52.2 2 1
github.com/aptlogica/sereni-jwt-provider/internal/services/jwt_service.go:55.90,59.16 3 10
github.com/aptlogica/sereni-jwt-provider/internal/services/jwt_service.go:59.16,61.3 1 0
github.com/aptlogica/sereni-jwt-provider/internal/services/jwt_service.go:64.2,65.16 2 10
github.com/aptlogica/sereni-jwt-provider/internal/services/jwt_service.go:65.16,67.3 1 0
github.com/aptlogica/sereni-jwt-provider/internal/services/jwt_service.go:70.2,75.8 1 10
github.com/aptlogica/sereni-jwt-provider/internal/services/jwt_service.go:79.113,86.25 5 20
github.com/aptlogica/sereni-jwt-provider/internal/services/jwt_service.go:86.25,88.40 2 16
github.com/aptlogica/sereni-jwt-provider/internal/services/jwt_service.go:88.40,90.4 1 4
github.com/aptlogica/sereni-jwt-provider/internal/services/jwt_service.go:93.2,109.48 3 20
github.com/aptlogica/sereni-jwt-provider/internal/services/jwt_service.go:113.104,114.117 1 15
github.com/aptlogica/sereni-jwt-provider/internal/services/jwt_service.go:114.117,115.58 1 9
github.com/aptlogica/sereni-jwt-provider/internal/services/jwt_service.go:115.58,117.4 1 0
github.com/aptlogica/sereni-jwt-provider/internal/services/jwt_service.go:118.3,118.34 1 9
github.com/aptlogica/sereni-jwt-provider/internal/services/jwt_service.go:121.2,121.16 1 15
github.com/aptlogica/sereni-jwt-provider/internal/services/jwt_service.go:121.16,123.3 1 9
github.com/aptlogica/sereni-jwt-provider/internal/services/jwt_service.go:125.2,125.18 1 6
github.com/aptlogica/sereni-jwt-provider/internal/services/jwt_service.go:125.18,127.3 1 0
github.com/aptlogica/sereni-jwt-provider/internal/services/jwt_service.go:129.2,130.9 2 6
github.com/aptlogica/sereni-jwt-provider/internal/services/jwt_service.go:130.9,132.3 1 0
github.com/aptlogica/sereni-jwt-provider/internal/services/jwt_service.go:134.2,134.72 1 6
github.com/aptlogica/sereni-jwt-provider/internal/services/jwt_service.go:134.72,136.3 1 0
github.com/aptlogica/sereni-jwt-provider/internal/services/jwt_service.go:138.2,138.20 1 6
github.com/aptlogica/sereni-jwt-provider/internal/services/jwt_service.go:142.93,145.16 2 5
github.com/aptlogica/sereni-jwt-provider/internal/services/jwt_service.go:145.16,147.3 1 3
github.com/aptlogica/sereni-jwt-provider/internal/services/jwt_service.go:150.2,150.42 1 2
github.com/aptlogica/sereni-jwt-provider/internal/services/jwt_service.go:150.42,152.3 1 1
github.com/aptlogica/sereni-jwt-provider/internal/services/jwt_service.go:154.2,162.34 2 1
github.com/aptlogica/sereni-jwt-provider/internal/utils/password.go:11.52,14.2 2 11
github.com/aptlogica/sereni-jwt-provider/internal/utils/password.go:17.52,20.2 2 20
github.com/aptlogica/sereni-jwt-provider/internal/utils/response.go:16.81,24.2 2 8
github.com/aptlogica/sereni-jwt-provider/internal/utils/response.go:27.77,35.2 2 8
github.com/aptlogica/sereni-jwt-provider/internal/utils/response.go:38.81,46.2 2 4
