mode: set
auth-service/internal/handlers/auth_handler.go:19.67,23.2 1 1
auth-service/internal/handlers/auth_handler.go:37.48,39.47 2 1
auth-service/internal/handlers/auth_handler.go:39.47,42.3 2 1
auth-service/internal/handlers/auth_handler.go:44.2,45.16 2 1
auth-service/internal/handlers/auth_handler.go:45.16,47.34 1 1
auth-service/internal/handlers/auth_handler.go:47.34,50.4 2 1
auth-service/internal/handlers/auth_handler.go:51.3,52.9 2 0
auth-service/internal/handlers/auth_handler.go:55.2,61.79 2 1
auth-service/internal/handlers/auth_handler.go:76.45,78.47 2 1
auth-service/internal/handlers/auth_handler.go:78.47,81.3 2 1
auth-service/internal/handlers/auth_handler.go:83.2,84.16 2 1
auth-service/internal/handlers/auth_handler.go:84.16,87.3 2 1
auth-service/internal/handlers/auth_handler.go:89.2,89.67 1 1
auth-service/internal/handlers/auth_handler.go:104.52,106.47 2 1
auth-service/internal/handlers/auth_handler.go:106.47,109.3 2 1
auth-service/internal/handlers/auth_handler.go:111.2,112.16 2 1
auth-service/internal/handlers/auth_handler.go:112.16,115.3 2 1
auth-service/internal/handlers/auth_handler.go:117.2,117.81 1 1
auth-service/internal/handlers/auth_handler.go:133.46,135.47 2 1
auth-service/internal/handlers/auth_handler.go:135.47,138.3 2 1
auth-service/internal/handlers/auth_handler.go:140.2,140.62 1 1
auth-service/internal/handlers/auth_handler.go:140.62,143.3 2 1
auth-service/internal/handlers/auth_handler.go:145.2,145.72 1 1
auth-service/internal/handlers/auth_handler.go:159.53,161.47 2 1
auth-service/internal/handlers/auth_handler.go:161.47,164.3 2 1
auth-service/internal/handlers/auth_handler.go:166.2,167.16 2 1
auth-service/internal/handlers/auth_handler.go:167.16,170.3 2 1
auth-service/internal/handlers/auth_handler.go:173.2,185.68 2 1
auth-service/internal/handlers/auth_handler.go:198.51,200.47 2 1
auth-service/internal/handlers/auth_handler.go:200.47,203.3 2 1
auth-service/internal/handlers/auth_handler.go:205.2,212.79 4 1
auth-service/internal/handlers/auth_handler.go:226.50,228.13 2 1
auth-service/internal/handlers/auth_handler.go:228.13,231.3 2 1
auth-service/internal/handlers/auth_handler.go:233.2,234.16 2 1
auth-service/internal/handlers/auth_handler.go:234.16,237.3 2 1
auth-service/internal/handlers/auth_handler.go:239.2,239.86 1 1
auth-service/internal/handlers/auth_handler.go:249.46,253.2 1 1
auth-service/internal/middleware/auth_middelware.go:13.70,14.30 1 1
auth-service/internal/middleware/auth_middelware.go:14.30,16.23 2 1
auth-service/internal/middleware/auth_middelware.go:16.23,20.4 3 1
auth-service/internal/middleware/auth_middelware.go:23.3,24.46 2 1
auth-service/internal/middleware/auth_middelware.go:24.46,28.4 3 1
auth-service/internal/middleware/auth_middelware.go:30.3,34.17 3 1
auth-service/internal/middleware/auth_middelware.go:34.17,38.4 3 1
auth-service/internal/middleware/auth_middelware.go:41.3,41.51 1 1
auth-service/internal/middleware/auth_middelware.go:41.51,45.4 3 0
auth-service/internal/middleware/auth_middelware.go:48.3,52.11 4 1
auth-service/internal/middleware/auth_middelware.go:57.47,58.30 1 1
auth-service/internal/middleware/auth_middelware.go:58.30,60.14 2 1
auth-service/internal/middleware/auth_middelware.go:60.14,64.4 3 1
auth-service/internal/middleware/auth_middelware.go:66.3,67.10 2 1
auth-service/internal/middleware/auth_middelware.go:67.10,71.4 3 1
auth-service/internal/middleware/auth_middelware.go:73.3,74.31 2 1
auth-service/internal/middleware/auth_middelware.go:74.31,75.17 1 1
auth-service/internal/middleware/auth_middelware.go:75.17,77.10 2 1
auth-service/internal/middleware/auth_middelware.go:81.3,81.15 1 1
auth-service/internal/middleware/auth_middelware.go:81.15,85.4 3 1
auth-service/internal/middleware/auth_middelware.go:87.3,87.11 1 1
auth-service/internal/repository/token_store.go:46.33,52.2 1 1
auth-service/internal/repository/token_store.go:55.110,59.42 3 1
auth-service/internal/repository/token_store.go:59.42,61.3 1 1
auth-service/internal/repository/token_store.go:63.2,63.37 1 1
auth-service/internal/repository/token_store.go:63.37,65.3 1 1
auth-service/internal/repository/token_store.go:67.2,75.18 3 1
auth-service/internal/repository/token_store.go:79.82,84.13 4 1
auth-service/internal/repository/token_store.go:84.13,86.3 1 1
auth-service/internal/repository/token_store.go:88.2,88.18 1 1
auth-service/internal/repository/token_store.go:92.80,96.32 3 1
auth-service/internal/repository/token_store.go:96.32,97.24 1 1
auth-service/internal/repository/token_store.go:97.24,99.4 1 1
auth-service/internal/repository/token_store.go:102.2,102.37 1 1
auth-service/internal/repository/token_store.go:106.105,124.21 8 1
auth-service/internal/repository/token_store.go:124.21,128.3 3 1
auth-service/internal/repository/token_store.go:130.2,130.12 1 1
auth-service/internal/repository/token_store.go:134.89,142.13 6 1
auth-service/internal/repository/token_store.go:142.13,144.3 1 1
auth-service/internal/repository/token_store.go:147.2,147.44 1 1
auth-service/internal/repository/token_store.go:147.44,149.3 1 0
auth-service/internal/repository/token_store.go:151.2,151.25 1 1
auth-service/internal/repository/token_store.go:155.77,163.13 6 1
auth-service/internal/repository/token_store.go:163.13,165.3 1 1
auth-service/internal/repository/token_store.go:167.2,171.34 3 1
auth-service/internal/repository/token_store.go:171.34,172.22 1 1
auth-service/internal/repository/token_store.go:172.22,174.9 2 1
auth-service/internal/repository/token_store.go:178.2,178.12 1 1
auth-service/internal/repository/token_store.go:182.72,187.13 4 1
auth-service/internal/repository/token_store.go:187.13,189.3 1 0
auth-service/internal/repository/token_store.go:191.2,191.34 1 1
auth-service/internal/repository/token_store.go:191.34,193.3 1 1
auth-service/internal/repository/token_store.go:195.2,196.12 2 1
auth-service/internal/repository/token_store.go:200.52,205.42 4 1
auth-service/internal/repository/token_store.go:205.42,206.32 1 1
auth-service/internal/repository/token_store.go:206.32,210.37 3 1
auth-service/internal/repository/token_store.go:210.37,211.25 1 1
auth-service/internal/repository/token_store.go:211.25,213.11 2 1
auth-service/internal/repository/token_store.go:221.57,229.2 3 1
auth-service/internal/repository/token_store.go:232.53,233.20 1 1
auth-service/internal/repository/token_store.go:233.20,235.3 1 1
auth-service/internal/repository/token_store.go:236.2,238.12 3 1
auth-service/internal/repository/token_store.go:238.12,240.7 2 1
auth-service/internal/repository/token_store.go:240.7,241.11 1 1
auth-service/internal/repository/token_store.go:242.20,243.28 1 0
auth-service/internal/repository/token_store.go:244.19,245.11 1 0
auth-service/internal/repository/token_store.go:252.39,253.20 1 1
auth-service/internal/repository/token_store.go:253.20,255.3 1 1
auth-service/internal/repository/token_store.go:256.2,257.15 2 1
auth-service/internal/services/jwt_service.go:28.84,33.2 1 1
auth-service/internal/services/jwt_service.go:36.93,39.16 2 1
auth-service/internal/services/jwt_service.go:39.16,41.3 1 0
auth-service/internal/services/jwt_service.go:44.2,45.16 2 1
auth-service/internal/services/jwt_service.go:45.16,47.3 1 1
auth-service/internal/services/jwt_service.go:49.2,49.18 1 1
auth-service/internal/services/jwt_service.go:53.83,56.16 2 1
auth-service/internal/services/jwt_service.go:56.16,58.3 1 1
auth-service/internal/services/jwt_service.go:64.2,64.34 1 1
auth-service/internal/services/jwt_service.go:68.90,71.16 2 1
auth-service/internal/services/jwt_service.go:71.16,73.3 1 0
auth-service/internal/services/jwt_service.go:76.2,77.16 2 1
auth-service/internal/services/jwt_service.go:77.16,79.3 1 0
auth-service/internal/services/jwt_service.go:82.2,82.116 1 1
auth-service/internal/services/jwt_service.go:82.116,84.3 1 1
auth-service/internal/services/jwt_service.go:86.2,91.8 1 1
auth-service/internal/services/jwt_service.go:95.113,113.2 4 1
auth-service/internal/services/jwt_service.go:116.86,117.117 1 1
auth-service/internal/services/jwt_service.go:117.117,118.58 1 1
auth-service/internal/services/jwt_service.go:118.58,120.4 1 0
auth-service/internal/services/jwt_service.go:121.3,121.34 1 1
auth-service/internal/services/jwt_service.go:124.2,124.16 1 1
auth-service/internal/services/jwt_service.go:124.16,126.3 1 1
auth-service/internal/services/jwt_service.go:128.2,128.74 1 1
auth-service/internal/services/jwt_service.go:128.74,130.3 1 1
auth-service/internal/services/jwt_service.go:132.2,132.37 1 0
auth-service/internal/services/jwt_service.go:136.93,139.16 2 1
auth-service/internal/services/jwt_service.go:139.16,141.3 1 1
auth-service/internal/services/jwt_service.go:144.2,144.42 1 1
auth-service/internal/services/jwt_service.go:144.42,146.3 1 1
auth-service/internal/services/jwt_service.go:149.2,150.16 2 1
auth-service/internal/services/jwt_service.go:150.16,152.3 1 1
auth-service/internal/services/jwt_service.go:154.2,154.29 1 1
auth-service/internal/services/jwt_service.go:154.29,156.3 1 0
auth-service/internal/services/jwt_service.go:159.2,160.16 2 1
auth-service/internal/services/jwt_service.go:160.16,162.3 1 0
auth-service/internal/services/jwt_service.go:165.2,168.34 2 1
auth-service/internal/services/jwt_service.go:172.56,174.2 1 1
auth-service/internal/services/jwt_service.go:177.53,179.2 1 1
auth-service/internal/services/jwt_service.go:182.81,184.16 2 1
auth-service/internal/services/jwt_service.go:184.16,186.3 1 1
auth-service/internal/services/jwt_service.go:188.2,192.8 1 1
auth-service/internal/utils/password.go:6.52,9.2 2 1
auth-service/internal/utils/password.go:12.52,15.2 2 1
auth-service/internal/utils/response.go:11.81,19.2 2 1
auth-service/internal/utils/response.go:22.77,30.2 2 1
auth-service/internal/utils/response.go:33.81,41.2 2 1
